<?xml version="1.0" encoding="UTF-8"?>
<!-- Generated by org.testng.reporters.JUnitReportReporter -->
<testsuite hostname="CPANIGRA-KPMX3" failures="0" tests="2" name="testNGflags.Flag5" time="0.014" errors="0" timestamp="2023-05-29T21:07:32 IST" skipped="0">
  <testcase classname="testNGflags.Flag5" name="method2" time="0.002"/>
  <system-out>
    <![CDATA[LogOut Performed!!]]>
  </system-out>
  <testcase classname="testNGflags.Flag5" name="method1" time="0.012"/>
  <system-out>
    <![CDATA[Login Performed!!]]>
  </system-out>
</testsuite> <!-- testNGflags.Flag5 -->
