<?xml version="1.0" encoding="UTF-8"?>
<!-- Generated by org.testng.reporters.JUnitReportReporter -->
<testsuite hostname="CPANIGRA-KPMX3" failures="0" tests="2" name="testNGflags.Flag1" time="0.016" errors="0" timestamp="2023-05-27T09:07:16 IST" skipped="0">
  <testcase classname="testNGflags.Flag1" name="method1" time="0.012"/>
  <system-out>
    <![CDATA[login method]]>
  </system-out>
  <testcase classname="testNGflags.Flag1" name="method2" time="0.004"/>
  <system-out>
    <![CDATA[logout method]]>
  </system-out>
</testsuite> <!-- testNGflags.Flag1 -->
