<?xml version="1.0" encoding="UTF-8"?>
<!-- Generated by org.testng.reporters.JUnitReportReporter -->
<testsuite hostname="CPANIGRA-KPMX3" failures="0" tests="10" name="testNGflags.Flag3" time="0.040" errors="0" timestamp="2023-05-29T21:01:57 IST" skipped="0">
  <testcase classname="testNGflags.Flag3" name="method1" time="0.002"/>
  <system-out>
    <![CDATA[Login Test Case!!]]>
  </system-out>
  <testcase classname="testNGflags.Flag3" name="method1" time="0.002"/>
  <system-out>
    <![CDATA[Login Test Case!!]]>
  </system-out>
  <testcase classname="testNGflags.Flag3" name="method1" time="0.002"/>
  <system-out>
    <![CDATA[Login Test Case!!]]>
  </system-out>
  <testcase classname="testNGflags.Flag3" name="method1" time="0.003"/>
  <system-out>
    <![CDATA[Login Test Case!!]]>
  </system-out>
  <testcase classname="testNGflags.Flag3" name="method1" time="0.002"/>
  <system-out>
    <![CDATA[Login Test Case!!]]>
  </system-out>
  <testcase classname="testNGflags.Flag3" name="method1" time="0.002"/>
  <system-out>
    <![CDATA[Login Test Case!!]]>
  </system-out>
  <testcase classname="testNGflags.Flag3" name="method1" time="0.005"/>
  <system-out>
    <![CDATA[Login Test Case!!]]>
  </system-out>
  <testcase classname="testNGflags.Flag3" name="method1" time="0.013"/>
  <system-out>
    <![CDATA[Login Test Case!!]]>
  </system-out>
  <testcase classname="testNGflags.Flag3" name="method1" time="0.003"/>
  <system-out>
    <![CDATA[Login Test Case!!]]>
  </system-out>
  <testcase classname="testNGflags.Flag3" name="method1" time="0.006"/>
  <system-out>
    <![CDATA[Login Test Case!!]]>
  </system-out>
</testsuite> <!-- testNGflags.Flag3 -->
