<?xml version="1.0" encoding="UTF-8"?>
<!-- Generated by org.testng.reporters.JUnitReportReporter -->
<testsuite hostname="CPANIGRA-KPMX3" failures="0" tests="3" name="testNGAnnotations.GoogleSearchTestcase" time="32.400" errors="0" timestamp="2023-05-29T21:21:59 IST" skipped="0">
  <testcase classname="testNGAnnotations.GoogleSearchTestcase" name="search1" time="11.957"/>
  <system-out/>
  <testcase classname="testNGAnnotations.GoogleSearchTestcase" name="serach3" time="10.094"/>
  <system-out/>
  <testcase classname="testNGAnnotations.GoogleSearchTestcase" name="search2" time="10.349"/>
  <system-out/>
</testsuite> <!-- testNGAnnotations.GoogleSearchTestcase -->
