<?xml version="1.0" encoding="UTF-8"?>
<!-- Generated by org.testng.reporters.JUnitReportReporter -->
<testsuite hostname="CPANIGRA-KPMX3" failures="0" tests="5" name="dynamicScreenShotByTestNG.ActiTimeDataProvider" time="65.261" errors="0" timestamp="2023-05-30T10:25:20 IST" skipped="0">
  <testcase classname="dynamicScreenShotByTestNG.ActiTimeDataProvider" name="loginInvalid" time="13.202"/>
  <system-out/>
  <testcase classname="dynamicScreenShotByTestNG.ActiTimeDataProvider" name="loginInvalid" time="14.054"/>
  <system-out/>
  <testcase classname="dynamicScreenShotByTestNG.ActiTimeDataProvider" name="loginInvalid" time="11.934"/>
  <system-out/>
  <testcase classname="dynamicScreenShotByTestNG.ActiTimeDataProvider" name="loginInvalid" time="13.334"/>
  <system-out/>
  <testcase classname="dynamicScreenShotByTestNG.ActiTimeDataProvider" name="loginInvalid" time="12.737"/>
  <system-out/>
</testsuite> <!-- dynamicScreenShotByTestNG.ActiTimeDataProvider -->
