<?xml version="1.0" encoding="UTF-8"?>
<!-- Generated by org.testng.reporters.JUnitReportReporter -->
<testsuite hostname="CPANIGRA-KPMX3" failures="0" tests="2" name="testNGExecution.SelectBrowser" time="20.109" errors="0" timestamp="2023-05-29T18:47:57 IST" skipped="0">
  <testcase classname="testNGExecution.SelectBrowser" name="method1" time="10.216"/>
  <system-out/>
  <testcase classname="testNGExecution.SelectBrowser" name="method1" time="9.893"/>
  <system-out/>
</testsuite> <!-- testNGExecution.SelectBrowser -->
