<?xml version="1.0" encoding="UTF-8"?>
<!-- Generated by org.testng.reporters.JUnitReportReporter -->
<testsuite hostname="CPANIGRA-KPMX3" failures="0" tests="3" name="testNGpackage.Test2" time="0.012" errors="0" timestamp="2023-05-23T13:24:09 IST" skipped="0">
  <testcase classname="testNGpackage.Test2" name="remo" time="0.001"/>
  <system-out>
    <![CDATA[remo method]]>
  </system-out>
  <testcase classname="testNGpackage.Test2" name="sumo" time="0.001"/>
  <system-out>
    <![CDATA[sumo method]]>
  </system-out>
  <testcase classname="testNGpackage.Test2" name="demo" time="0.010"/>
  <system-out>
    <![CDATA[demo method]]>
  </system-out>
</testsuite> <!-- testNGpackage.Test2 -->
