<?xml version="1.0" encoding="UTF-8"?>
<!-- Generated by org.testng.reporters.JUnitReportReporter -->
<testsuite hostname="CPANIGRA-KPMX3" failures="0" tests="3" name="testNGpackage.Test1" time="0.019" errors="0" timestamp="2023-05-23T13:18:38 IST" skipped="0">
  <testcase classname="testNGpackage.Test1" name="fact" time="0.005"/>
  <system-out>
    <![CDATA[fact method]]>
  </system-out>
  <testcase classname="testNGpackage.Test1" name="sub" time="0.004"/>
  <system-out>
    <![CDATA[sub method]]>
  </system-out>
  <testcase classname="testNGpackage.Test1" name="add" time="0.010"/>
  <system-out>
    <![CDATA[add method]]>
  </system-out>
</testsuite> <!-- testNGpackage.Test1 -->
