<?xml version="1.0" encoding="UTF-8"?>
<!-- Generated by org.testng.reporters.JUnitReportReporter -->
<testsuite hostname="CPANIGRA-KPMX3" failures="0" tests="5" name="testNGflags.Flag2" time="0.022" errors="0" timestamp="2023-05-27T09:18:19 IST" skipped="0">
  <testcase classname="testNGflags.Flag2" name="d" time="0.012"/>
  <system-out>
    <![CDATA[d method]]>
  </system-out>
  <testcase classname="testNGflags.Flag2" name="f" time="0.002"/>
  <system-out>
    <![CDATA[f method]]>
  </system-out>
  <testcase classname="testNGflags.Flag2" name="x" time="0.002"/>
  <system-out>
    <![CDATA[x method]]>
  </system-out>
  <testcase classname="testNGflags.Flag2" name="c" time="0.002"/>
  <system-out>
    <![CDATA[c method]]>
  </system-out>
  <testcase classname="testNGflags.Flag2" name="a" time="0.004"/>
  <system-out>
    <![CDATA[a method]]>
  </system-out>
</testsuite> <!-- testNGflags.Flag2 -->
