<?xml version="1.0" encoding="UTF-8"?>
<!-- Generated by org.testng.reporters.JUnitReportReporter -->
<testsuite hostname="CPANIGRA-KPMX3" failures="0" tests="2" name="testNGAnnotations.Annotations" time="0.038" errors="0" timestamp="2023-05-29T21:14:30 IST" skipped="0">
  <testcase classname="testNGAnnotations.Annotations" name="g" time="0.014"/>
  <system-out>
    <![CDATA[g method]]>
  </system-out>
  <testcase classname="testNGAnnotations.Annotations" name="f" time="0.024"/>
  <system-out>
    <![CDATA[f method]]>
  </system-out>
</testsuite> <!-- testNGAnnotations.Annotations -->
