<?xml version="1.0" encoding="UTF-8"?>
<!-- Generated by org.testng.reporters.JUnitReportReporter -->
<testsuite hostname="CPANIGRA-KPMX3" failures="0" tests="1" name="testPackage.ValidLoginTestCase" time="69.043" errors="0" timestamp="2023-06-03T21:46:25 IST" skipped="0">
  <testcase classname="testPackage.ValidLoginTestCase" name="validTestCase" time="69.043"/>
  <system-out>
    <![CDATA[Browser opened and testcase will start]]>
  </system-out>
</testsuite> <!-- testPackage.ValidLoginTestCase -->
